<?xml version="1.0" encoding="UTF-8"?>
<testsuite xmlns:xsi="http://www.w3.org/2001/XMLSchema-instance" xsi:noNamespaceSchemaLocation="https://maven.apache.org/surefire/maven-surefire-plugin/xsd/surefire-test-report.xsd" version="3.0.2" name="com.example.quantum_ide_backend.QuantumIdeBackendApplicationTests" time="12.168" tests="1" errors="0" skipped="0" failures="0">
  <properties>
[...]
</properties>
  <testcase name="contextLoads" classname="com.example.quantum_ide_backend.QuantumIdeBackendApplicationTests" time="2.903">
    <system-out><![CDATA[00:00:17.716 [main] INFO org.springframework.test.context.support.AnnotationConfigContextLoaderUtils -- Could not detect default configuration classes for test class [com.example.quantum_ide_backend.QuantumIdeBackendApplicationTests]: QuantumIdeBackendApplicationTests does not declare any static, non-private, non-final, nested classes annotated with @Configuration.
00:00:18.122 [main] INFO org.springframework.boot.test.context.SpringBootTestContextBootstrapper -- Found @SpringBootConfiguration com.example.quantum_ide_backend.QuantumIdeBackendApplication for test class com.example.quantum_ide_backend.QuantumIdeBackendApplicationTests
00:00:18.960 [main] INFO org.springframework.boot.devtools.restart.RestartApplicationListener -- Restart disabled due to context in which it is running

  .   ____          _            __ _ _
 /\\ / ___'_ __ _ _(_)_ __  __ _ \ \ \ \
( ( )\___ | '_ | '_| | '_ \/ _` | \ \ \ \
 \\/  ___)| |_)| | | | | || (_| |  ) ) ) )
  '  |____| .__|_| |_|_| |_\__, | / / / /
 =========|_|==============|___/=/_/_/_/

 :: Spring Boot ::                (v3.5.7)

2025-11-08T00:00:20.314+01:00  INFO 16300 --- [quantum-ide-backend] [           main] c.e.q.QuantumIdeBackendApplicationTests  : Starting QuantumIdeBackendApplicationTests using Java 17.0.8 with PID 16300 (started by Sabrin in C:\Users\megan\quantum-ide\quantum-ide-backend)
2025-11-08T00:00:20.319+01:00  INFO 16300 --- [quantum-ide-backend] [           main] c.e.q.QuantumIdeBackendApplicationTests  : No active profile set, falling back to 1 default profile: "default"
2025-11-08T00:00:25.183+01:00  INFO 16300 --- [quantum-ide-backend] [           main] o.s.b.a.w.s.WelcomePageHandlerMapping    : Adding welcome page: class path resource [static/index.html]
2025-11-08T00:00:26.401+01:00  INFO 16300 --- [quantum-ide-backend] [           main] c.e.q.QuantumIdeBackendApplicationTests  : Started QuantumIdeBackendApplicationTests in 7.505 seconds (process running for 11.131)
]]></system-out>
  </testcase>
</testsuite>